Sun Nov 12 2017 11:10:19   22252377:박지윤 Booth:Therapy 10
Sun Nov 12 2017 11:10:37   Booth:Therapy 22252377:박지윤 10
Sun Nov 12 2017 11:39:34   22317765:강홍준 Booth:NURIBIT 50
Sun Nov 12 2017 11:40:19   22317765:강홍준 Booth:NURIBIT 50
Sun Nov 12 2017 11:40:32   22317765:강홍준 Booth:NURIBIT 50
Sun Nov 12 2017 11:40:56   22317765:강홍준 Booth:NURIBIT 50
Sun Nov 12 2017 11:41:09   22317765:강홍준 Booth:NURIBIT 50
Sun Nov 12 2017 11:41:20   22317765:강홍준 Booth:NURIBIT 50
Sun Nov 12 2017 11:41:58   21419028:신승윤 Booth:NURIBIT 50
Sun Nov 12 2017 11:42:10   21419028:신승윤 Booth:NURIBIT 50
Sun Nov 12 2017 11:42:25   21419028:신승윤 Booth:NURIBIT 50
Sun Nov 12 2017 11:42:36   21419028:신승윤 Booth:NURIBIT 50
Sun Nov 12 2017 11:43:13   21409567:류현 Booth:NURIBIT 50
Sun Nov 12 2017 11:43:24   21409567:류현 Booth:NURIBIT 50
Sun Nov 12 2017 11:43:38   21409567:류현 Booth:NURIBIT 50
Sun Nov 12 2017 11:43:49   21409567:류현 Booth:NURIBIT 50
Sun Nov 12 2017 11:44:04   21409567:류현 Booth:NURIBIT 50
Sun Nov 12 2017 11:44:13   21409567:류현 Booth:NURIBIT 50
Sun Nov 12 2017 11:44:25   21409567:류현 Booth:NURIBIT 50
Sun Nov 12 2017 11:44:47   21409567:류현 Booth:NURIBIT 50
Sun Nov 12 2017 11:48:30   21420367:장동우 Booth:NURIBIT 50
Sun Nov 12 2017 11:48:48   21420367:장동우 Booth:NURIBIT 50
Sun Nov 12 2017 11:48:59   21420367:장동우 Booth:NURIBIT 50
Sun Nov 12 2017 11:56:57   21858854:성민호 Booth:NURIBIT 50
Sun Nov 12 2017 11:57:08   21858854:성민호 Booth:NURIBIT 50
Sun Nov 12 2017 11:59:22   21620807:심정하 Booth:NURIBIT 50
Sun Nov 12 2017 11:59:41   21620807:심정하 Booth:NURIBIT 50
Sun Nov 12 2017 11:59:56   21620807:심정하 Booth:NURIBIT 50
Sun Nov 12 2017 12:02:10   22252377:박지윤 Booth:Therapy 10
Sun Nov 12 2017 12:02:20   Booth:Therapy 22252377:박지윤 10
Sun Nov 12 2017 12:02:30   22252377:박지윤 Booth:Therapy 50
Sun Nov 12 2017 12:02:40   Booth:Therapy 22252377:박지윤 50
Sun Nov 12 2017 12:02:51   22252377:박지윤 Booth:Therapy 90
Sun Nov 12 2017 12:03:03   22252377:박지윤 Booth:Therapy 99
Sun Nov 12 2017 12:03:48   Booth:Therapy 22252377:박지윤 90
Sun Nov 12 2017 12:03:56   Booth:Therapy 22252377:박지윤 99
Sun Nov 12 2017 12:04:58   22624165:윤재현 Booth:ATBooth 50
Sun Nov 12 2017 12:05:06   22624165:윤재현 Booth:ATBooth 50
Sun Nov 12 2017 12:05:30   22403101:김서영 Booth:ATBooth 50
Sun Nov 12 2017 12:05:38   22403101:김서영 Booth:ATBooth 50
Sun Nov 12 2017 12:08:09   22624165:윤재현 Booth:ATBooth 50
Sun Nov 12 2017 12:09:38   22403101:김서영 Booth:ATBooth 50
Sun Nov 12 2017 12:16:26   22624165:윤재현 Booth:ATBooth 50
Sun Nov 12 2017 12:18:39   22624165:윤재현 Booth:ATBooth 25
Sun Nov 12 2017 12:22:11   Booth:EOS 21419500:강래현 100
Sun Nov 12 2017 12:22:45   Booth:JAMS 22444693:이현석 50
Sun Nov 12 2017 12:26:09   Booth:JAMS 22444693:이현석 450
Sun Nov 12 2017 12:26:33   Booth:EOS 21419500:강래현 200
Sun Nov 12 2017 12:27:12   Booth:EOS 21419500:강래현 200
Sun Nov 12 2017 12:27:28   Booth:JAMS 22559595:김동현 950
Sun Nov 12 2017 12:27:44   Booth:JAMS 22559595:김동현 50
Sun Nov 12 2017 12:30:14   Booth:Therapy 22252377:박지윤 200
Sun Nov 12 2017 12:31:15   22252377:박지윤 Booth:Therapy 50
Sun Nov 12 2017 12:31:23   22252377:박지윤 Booth:Therapy 50
Sun Nov 12 2017 12:31:29   22252377:박지윤 Booth:Therapy 50
Sun Nov 12 2017 12:31:38   22252377:박지윤 Booth:Therapy 50
Sun Nov 12 2017 12:36:29   Booth:JAMS 21515845:김연우 999
Sun Nov 12 2017 12:36:57   Booth:JAMS 21738410:조수현 999
Sun Nov 12 2017 12:37:57   Booth:JAMS 22525479:유슬기 999
Sun Nov 12 2017 12:42:22   22350510:이재원 Booth:ATBooth 50
Sun Nov 12 2017 12:42:53   Booth:JAMS 22536549:이승준 50
Sun Nov 12 2017 12:43:19   Booth:JAMS 21731200:김기현 50
Sun Nov 12 2017 12:47:03   Booth:Casino 24034418:김민재 500
Sun Nov 12 2017 12:47:17   Booth:Casino 24034418:김민재 500
Sun Nov 12 2017 12:48:49   24034418:김민재 Booth:Casino 10
Sun Nov 12 2017 12:49:24   24034418:김민재 Booth:Casino 99
Sun Nov 12 2017 13:01:46   22350510:이재원 Booth:ATBooth 25
Sun Nov 12 2017 13:02:05   Booth:JAMS 21423592:조범석 999
Sun Nov 12 2017 13:03:31   Booth:JAMS 21534849:Elkana Maruf 50
Sun Nov 12 2017 13:06:22   Booth:ATBooth 22350510:이재원 10
Sun Nov 12 2017 13:06:37   22350510:이재원 Booth:ATBooth 20
Sun Nov 12 2017 13:07:18   21423592:조범석 Booth:JAMS 50
Sun Nov 12 2017 13:07:53   21423592:조범석 Booth:JAMS 50
Sun Nov 12 2017 13:08:05   21423592:조범석 Booth:JAMS 50
Sun Nov 12 2017 13:08:30   21423592:조범석 Booth:JAMS 50
Sun Nov 12 2017 13:08:52   21423592:조범석 Booth:JAMS 50
Sun Nov 12 2017 13:09:14   21423592:조범석 Booth:JAMS 50
Sun Nov 12 2017 13:09:28   21423592:조범석 Booth:JAMS 50
Sun Nov 12 2017 13:09:59   21423592:조범석 Booth:JAMS 50
Sun Nov 12 2017 13:10:15   21423592:조범석 Booth:JAMS 50
Sun Nov 12 2017 13:10:41   21423592:조범석 Booth:JAMS 50
Sun Nov 12 2017 13:11:35   21423592:조범석 Booth:JAMS 50
Sun Nov 12 2017 13:12:57   21423592:조범석 Booth:JAMS 50
Sun Nov 12 2017 13:23:04   Booth:JAMS 22543304:최태훈 100
Sun Nov 12 2017 13:25:53   Booth:EOS 21419500:강래현 21419500
Sun Nov 12 2017 13:29:14   Booth:EOS 21419500:강래현 21419500
Sun Nov 12 2017 13:30:11   Booth:EOS 21419500:강래현 21419500
Sun Nov 12 2017 13:31:06   Booth:EOS 21419500:강래현 1000
Sun Nov 12 2017 13:34:35   21744911:EOS 21419500:강래현 1000
Sun Nov 12 2017 14:11:44   Booth:Casino 24034418:김민재 500
Sun Nov 12 2017 14:12:18   Booth:Casino 24034418:김민재 500
Sun Nov 12 2017 14:13:09   Booth:Casino 24034418:김민재 1000
Sun Nov 12 2017 14:47:48   22317765:강홍준 Booth:NURIBIT 100
Sun Nov 12 2017 14:48:40   21417959:최형호 Booth:NURIBIT 600
Sun Nov 12 2017 14:57:49   22318088:Jaymee Palma Booth:NURIBIT 200
Sun Nov 12 2017 14:58:13   21637695:Kim Caringal Booth:NURIBIT 200
Sun Nov 12 2017 14:58:56   22454951:Celine Sheila Tiara Booth:NURIBIT 150
Sun Nov 12 2017 14:59:13   22244967:Xaviera Putri Booth:NURIBIT 150
Sun Nov 12 2017 14:59:43   21935225:Nabila Sindi Booth:NURIBIT 250
Sun Nov 12 2017 15:04:58   22457433:신훈희 Booth:NURIBIT 500
Sun Nov 12 2017 15:05:33   21934773:이용훈 Booth:NURIBIT 500
Sun Nov 12 2017 15:06:05   22622964:이승훈 Booth:NURIBIT 450
Sun Nov 12 2017 15:14:32   22454951:Celine Sheila Tiara Booth:NURIBIT 100
Sun Nov 12 2017 15:23:21   22317313:이상혁 Booth:Casino 500
Sun Nov 12 2017 15:23:48   22538378:외부인 21546353:남시윤 50
Sun Nov 12 2017 15:24:16   21546353:남시윤 22538378:외부인 50
Sun Nov 12 2017 15:26:51   22428891:이수성 Booth:Casino 800
Sun Nov 12 2017 15:31:26   24263899:이도헌 Booth:Casino 500
Sun Nov 12 2017 15:33:33   23748706:김도헌 Booth:Casino 500
Sun Nov 12 2017 15:45:50   Booth:NURIBIT 22543304:최태훈 100
Sun Nov 12 2017 15:46:08   Booth:NURIBIT 22543304:최태훈 999
Sun Nov 12 2017 15:46:55   22305429:이동윤 Booth:Casino 500
Sun Nov 12 2017 15:47:03   Booth:NURIBIT 22543304:최태훈 999
Sun Nov 12 2017 15:50:07   22317313:이상혁 Booth:Casino 320
Sun Nov 12 2017 15:52:03   23805859:이현욱 Booth:Casino 500
Sun Nov 12 2017 15:52:22   22530580:김규원 Booth:Casino 500
Sun Nov 12 2017 15:54:35   22538378:외부인 21546353:남시윤 50
Sun Nov 12 2017 15:58:07   22543304:최태훈 Booth:NURIBIT 999
Sun Nov 12 2017 15:58:25   22543304:최태훈 Booth:NURIBIT 999
Sun Nov 12 2017 16:00:05   Booth:NURIBIT 22543304:최태훈 999
Sun Nov 12 2017 16:01:11   Booth:Casino 24034418:김민재 1000
Sun Nov 12 2017 16:01:22   24034418:김민재 Booth:Casino 1000
Sun Nov 12 2017 16:01:52   22543304:최태훈 Booth:NURIBIT 9
Sun Nov 12 2017 16:03:16   21512522:허경 Booth:Casino 80
Sun Nov 12 2017 16:05:47   23843180:박건희 Booth:Casino 300
Sun Nov 12 2017 16:06:09   21746555:서진우 Booth:Casino 300
Sun Nov 12 2017 16:06:49   21856502:정석우 Booth:Casino 300
Sun Nov 12 2017 16:06:56   21955494:김소정 Booth:NURIBIT 400
Sun Nov 12 2017 16:10:46   21546353:남시윤 23933437:한승수 10
Sun Nov 12 2017 16:17:01   21418963:백승재 Booth:Casino 800
Sun Nov 12 2017 16:17:18   24034418:김민재 Booth:Casino 500
Sun Nov 12 2017 16:22:24   21404302:강규림 Booth:Casino 500
Sun Nov 12 2017 16:26:54   Booth:Casino 21746555:서진우 300
Sun Nov 12 2017 16:29:57   Booth:Casino 22305429:이동윤 20
Sun Nov 12 2017 16:31:11   23748706:김도헌 Booth:Casino 300
Sun Nov 12 2017 16:32:21   21423655:김동인 Booth:NURIBIT 500
Sun Nov 12 2017 16:32:36   21423655:김동인 Booth:NURIBIT 400
Sun Nov 12 2017 16:33:27   21934722:곽동호 Booth:Casino 600
Sun Nov 12 2017 16:37:02   23921406:InfoBoothExchange 21932636:허승준 50
Sun Nov 12 2017 16:39:13   21404302:강규림 Booth:Casino 200
Sun Nov 12 2017 16:39:43   23834687:배재원 Booth:NURIBIT 600
Sun Nov 12 2017 16:40:02   22602331:김성중 Booth:Casino 700
Sun Nov 12 2017 16:40:18   21423655:김동인 Booth:NURIBIT 300
Sun Nov 12 2017 16:40:34   23748706:김도헌 Booth:Casino 100
Sun Nov 12 2017 16:41:55   21856502:정석우 Booth:Casino 200
Sun Nov 12 2017 16:50:00   24849948:류수현 Booth:NURIBIT 400
Sun Nov 12 2017 16:53:12   23748706:김도헌 Booth:Casino 500
Sun Nov 12 2017 16:53:15   Booth:NURIBIT 24849948:류수현 800
Sun Nov 12 2017 16:54:24   21423655:김동인 21546353:남시윤 100
Sun Nov 12 2017 16:54:52   21423655:김동인 21932636:허승준 100
Sun Nov 12 2017 16:56:53   21546353:남시윤 21423655:김동인 100
Sun Nov 12 2017 16:57:25   21932636:허승준 21423655:김동인 100
Sun Nov 12 2017 16:57:53   23843180:박건희 Booth:Casino 200
Sun Nov 12 2017 16:57:57   21932636:허승준 21546353:남시윤 1000
Sun Nov 12 2017 17:00:20   21546353:남시윤 21932636:허승준 1000
Sun Nov 12 2017 17:11:49   21932636:허승준 Booth:NURIBIT 600
Sun Nov 12 2017 17:15:40   21423592:조범석 Booth:Casino 1000
Sun Nov 12 2017 17:16:44   22430945:이상준 Booth:Casino 850
Sun Nov 12 2017 17:17:50   23953452:김경훈 Booth:Casino 600
Sun Nov 12 2017 17:27:23   23852897:박나영 Booth:NURIBIT 500
Sun Nov 12 2017 18:01:01   21534733:유승연 Booth:NURIBIT 400
Sun Nov 12 2017 18:10:12   Booth:Casino 21423592:조범석 360
Sun Nov 12 2017 18:11:42   Booth:Casino 22530580:김규원 7220
Sun Nov 12 2017 18:12:01   23805859:이현욱 Booth:Casino 300
Sun Nov 12 2017 18:12:14   Booth:Casino 22530580:김규원 300
Sun Nov 12 2017 18:14:28   22604857:이석준 Booth:NURIBIT 200
Sun Nov 12 2017 18:16:45   22624892:연경미 Booth:NURIBIT 150
Sun Nov 12 2017 18:17:56   21555752:김재령 Booth:NURIBIT 300
Sun Nov 12 2017 18:18:15   23936437:이주영 Booth:NURIBIT 300
Sun Nov 12 2017 18:19:29   21534849:Elkana Maruf 21512522:허경 2720
Sun Nov 12 2017 18:20:18   21955158:김규태 21512522:허경 600
Sun Nov 12 2017 18:25:47   24136153:이홍욱 21546943:이서용 600
Sun Nov 12 2017 18:28:55   21830435:Arogya Kharel 21512522:허경 1000
Sun Nov 12 2017 18:31:32   Booth:Casino 24034418:김민재 3200
Sun Nov 12 2017 18:33:44   Booth:Casino 24034418:김민재 99
Sun Nov 12 2017 18:35:09   21746555:서진우 Booth:NURIBIT 750
Sun Nov 12 2017 18:46:37   Booth:EOS 22010353:차해슬 70
Sun Nov 12 2017 18:47:13   Booth:EOS 00000000:유효린 70
Sun Nov 12 2017 18:49:55   Booth:EOS 21838550:공진석 130
Sun Nov 12 2017 18:58:16   Booth:EOS 22306551:허원석 500
Sun Nov 12 2017 19:08:22   Booth:EOS 21419051:김도엽 140
Sun Nov 12 2017 19:10:20   22358990:이시은 Booth:NURIBIT 300
Sun Nov 12 2017 19:20:02   Booth:EOS 24851821:최명균 150
Sun Nov 12 2017 19:35:16   21522158:김동하 Booth:NURIBIT 950
Sun Nov 12 2017 22:33:06   21419500:강래현 21419500:강래현 0
Sun Nov 12 2017 22:36:58   21419500:강래현 21419500:강래현 0
Sun Nov 12 2017 22:38:47   21546943:이서용 24034418:김민재 1981
Sun Nov 12 2017 22:39:03   21419500:강래현 21419500:강래현 0
Sun Nov 12 2017 22:39:24   24737804:유재동 24034418:김민재 972
Sun Nov 12 2017 22:39:50   21432582:서유진 24034418:김민재 1642
Sun Nov 12 2017 22:39:59   21821372:김창회 22628790:나진환 910
Sun Nov 12 2017 22:40:10   22010353:차해슬 24034418:김민재 1880
Sun Nov 12 2017 22:40:29   21517449:하지흔 24034418:김민재 1000
Sun Nov 12 2017 22:40:44   22008662:안준석 24034418:김민재 1052
Sun Nov 12 2017 22:40:46   21613106:조현성 22628790:나진환 850
Sun Nov 12 2017 22:41:53   22327287:임정민 21848713:이유빈 700
Sun Nov 12 2017 22:42:06   23843180:박건희 21848713:이유빈 300
Sun Nov 12 2017 22:42:08   22543240:원선재 22628790:나진환 1430
Sun Nov 12 2017 22:42:25   21535001:류수현 21848713:이유빈 1230
Sun Nov 12 2017 22:42:37   22313611:임형준 22628790:나진환 880
Sun Nov 12 2017 22:42:39   21520019:정연준 21848713:이유빈 820
Sun Nov 12 2017 22:43:12   21838550:공진석 22306551:허원석 1280
Sun Nov 12 2017 22:43:22   21420367:장동우 21856474:이학성 1280
Sun Nov 12 2017 22:43:27   21515577:김민혁 22306551:허원석 1300
Sun Nov 12 2017 22:43:40   21851376:김태홍 22306551:허원석 1150
Sun Nov 12 2017 22:43:51   11061700:이준영 22306551:허원석 1330
Sun Nov 12 2017 22:43:54   21426797:박하근 21856474:이학성 800
Sun Nov 12 2017 22:44:15   21758295:서휘륜 21856474:이학성 1320
Sun Nov 12 2017 22:44:15   21541350:박도현 22530580:김규원 1580
Sun Nov 12 2017 22:44:29   21839176:정우석 22530580:김규원 600
Sun Nov 12 2017 22:44:33   21563042:류형하 21856474:이학성 1450
Sun Nov 12 2017 22:44:55   23906150:옥영균 21856474:이학성 750
Sun Nov 12 2017 22:45:01   21858843:남윤호 21541350:박도현 650
Sun Nov 12 2017 22:45:09   21856502:정석우 21856474:이학성 803
Sun Nov 12 2017 22:45:50   22358990:이시은 21856474:이학성 680
Sun Nov 12 2017 22:45:52   21541350:박도현 22530580:김규원 650
Sun Nov 12 2017 22:46:09   21546353:남시윤 21856474:이학성 1050
Sun Nov 12 2017 22:46:13   24145080:장한솔 21848713:이유빈 850
Sun Nov 12 2017 22:46:58   21423592:조범석 21512522:허경 1979
Sun Nov 12 2017 22:47:10   24252782:문준석 21512522:허경 680
Sun Nov 12 2017 22:47:24   22622964:이승훈 21512522:허경 550
Sun Nov 12 2017 22:48:04   21563234:피진욱 24220420:김기환 1601
Sun Nov 12 2017 22:48:06   21958118:김현수 21512522:허경 550
Sun Nov 12 2017 22:48:21   22623060:곽재원 24220420:김기환 900
Sun Nov 12 2017 22:48:28   21853174:남동현 21512522:허경 870
Sun Nov 12 2017 22:48:38   24851821:최명균 24220420:김기환 950
Sun Nov 12 2017 22:48:54   24109350:이정환 21512522:허경 500
Sun Nov 12 2017 22:49:20   22444693:이현석 21512522:허경 1450
Sun Nov 12 2017 22:49:35   23808956:전혜성 21512522:허경 500
Sun Nov 12 2017 22:49:48   21547527:진종민 21512522:허경 500
Sun Nov 12 2017 22:50:02   22543304:최태훈 21512522:허경 2100
Sun Nov 12 2017 22:50:18   21431988:김태경 21512522:허경 500
Sun Nov 12 2017 22:51:39   22559094:Zhang Hui 21512522:허경 850
Sun Nov 12 2017 22:51:55   22417245:고민석 21512522:허경 900
Sun Nov 12 2017 22:52:07   21738410:조수현 21512522:허경 1849
Sun Nov 12 2017 22:52:27   23953244:임성재 21512522:허경 720
Sun Nov 12 2017 22:52:43   22559595:김동현 21512522:허경 1800
Sun Nov 12 2017 22:52:58   22561680:이종현 24220420:김기환 700
Sun Nov 12 2017 22:53:02   21746555:서진우 21512522:허경 200
Sun Nov 12 2017 22:53:16   22321642:박혜수 21512522:허경 950
Sun Nov 12 2017 22:53:26   22561680:이종현 24220420:김기환 70
Sun Nov 12 2017 22:53:32   21515845:김연우 21512522:허경 1899
Sun Nov 12 2017 22:55:44   21512522:허경 23951979:이원준 1800
Sun Nov 12 2017 23:05:20   21838576:정승현 22628790:나진환 1002
Sun Nov 12 2017 23:06:17   24737716:정나연 21856474:이학성 1330
Sun Nov 12 2017 23:08:52   21961344:박홍근 24220420:김기환 769
Sun Nov 12 2017 23:09:24   21961344:박홍근 24220420:김기환 131
Sun Nov 12 2017 23:09:51   22252377:박지윤 21856474:이학성 960
Sun Nov 12 2017 23:10:44   22317640:박태환 24220420:김기환 850
Sun Nov 12 2017 23:11:08   21662141:이건호 24220420:김기환 820
Sun Nov 12 2017 23:11:35   22642585:이종서 24220420:김기환 769
Sun Nov 12 2017 23:12:52   21555393:윤요한 24220420:김기환 500
